0 info it worked if it ends with ok
1 verbose cli [ '/home/yoyo/.nvm/versions/node/v6.2.2/bin/node',
1 verbose cli   '/home/yoyo/.nvm/versions/node/v6.2.2/bin/npm',
1 verbose cli   'start' ]
2 info using npm@3.9.5
3 info using node@v6.2.2
4 verbose stack Error: Invalid name: "Delicious School"
4 verbose stack     at ensureValidName (/home/yoyo/.nvm/versions/node/v6.2.2/lib/node_modules/npm/node_modules/normalize-package-data/lib/fixer.js:336:15)
4 verbose stack     at Object.module.exports.fixNameField (/home/yoyo/.nvm/versions/node/v6.2.2/lib/node_modules/npm/node_modules/normalize-package-data/lib/fixer.js:215:5)
4 verbose stack     at /home/yoyo/.nvm/versions/node/v6.2.2/lib/node_modules/npm/node_modules/normalize-package-data/lib/normalize.js:32:38
4 verbose stack     at Array.forEach (native)
4 verbose stack     at normalize (/home/yoyo/.nvm/versions/node/v6.2.2/lib/node_modules/npm/node_modules/normalize-package-data/lib/normalize.js:31:15)
4 verbose stack     at final (/home/yoyo/.nvm/versions/node/v6.2.2/lib/node_modules/npm/node_modules/read-package-json/read-json.js:349:5)
4 verbose stack     at then (/home/yoyo/.nvm/versions/node/v6.2.2/lib/node_modules/npm/node_modules/read-package-json/read-json.js:124:5)
4 verbose stack     at /home/yoyo/.nvm/versions/node/v6.2.2/lib/node_modules/npm/node_modules/read-package-json/read-json.js:311:12
4 verbose stack     at /home/yoyo/.nvm/versions/node/v6.2.2/lib/node_modules/npm/node_modules/graceful-fs/graceful-fs.js:78:16
4 verbose stack     at tryToString (fs.js:449:3)
5 verbose cwd /home/yoyo/gitworks/delicious-school-project
6 error Linux 4.4.0-34-generic
7 error argv "/home/yoyo/.nvm/versions/node/v6.2.2/bin/node" "/home/yoyo/.nvm/versions/node/v6.2.2/bin/npm" "start"
8 error node v6.2.2
9 error npm  v3.9.5
10 error Invalid name: "Delicious School"
11 error If you need help, you may report this error at:
11 error     <https://github.com/npm/npm/issues>
12 verbose exit [ 1, true ]
